0 info it worked if it ends with ok
1 verbose cli [ 'node', '/usr/local/bin/npm', 'install', 'bcyrptjs' ]
2 info using npm@1.5.0-alpha-1
3 info using node@v0.10.29
4 verbose readDependencies using package.json deps
5 verbose cache add [ 'bcyrptjs', null ]
6 verbose cache add spec="bcyrptjs" args=["bcyrptjs",null]
7 verbose parsed spec { raw: 'bcyrptjs',
7 verbose parsed spec   scope: null,
7 verbose parsed spec   name: 'bcyrptjs',
7 verbose parsed spec   rawSpec: '',
7 verbose parsed spec   spec: '*',
7 verbose parsed spec   type: 'range' }
8 verbose addNamed [ 'bcyrptjs', '*' ]
9 verbose addNamed [ null, '*' ]
10 silly lockFile 49f71e5c-bcyrptjs bcyrptjs@*
11 verbose lock bcyrptjs@* /Users/admin/.npm/49f71e5c-bcyrptjs.lock
12 silly addNameRange { name: 'bcyrptjs', range: '*', hasData: false }
13 verbose mapToRegistry name bcyrptjs
14 verbose mapToRegistry uri https://registry.npmjs.org/bcyrptjs
15 verbose request where is /bcyrptjs
16 verbose request registry https://registry.npmjs.org/
17 verbose request id a6f205fb644d040b
18 verbose request url raw /bcyrptjs
19 verbose request url resolving [ 'https://registry.npmjs.org/', './bcyrptjs' ]
20 verbose request url resolved https://registry.npmjs.org/bcyrptjs
21 verbose request where is https://registry.npmjs.org/bcyrptjs
22 verbose request no basic auth needed
23 info trying registry request attempt 1 at 12:30:36
24 http GET https://registry.npmjs.org/bcyrptjs
25 http 404 https://registry.npmjs.org/bcyrptjs
26 verbose headers { date: 'Wed, 04 Feb 2015 17:30:36 GMT',
26 verbose headers   server: 'CouchDB/1.5.0 (Erlang OTP/R16B03)',
26 verbose headers   'content-type': 'application/json',
26 verbose headers   'cache-control': 'max-age=0',
26 verbose headers   'content-length': '52',
26 verbose headers   'accept-ranges': 'bytes',
26 verbose headers   via: '1.1 varnish',
26 verbose headers   age: '0',
26 verbose headers   'x-served-by': 'cache-jfk1026-JFK',
26 verbose headers   'x-cache': 'MISS',
26 verbose headers   'x-cache-hits': '0',
26 verbose headers   'x-timer': 'S1423071036.092828,VS0,VE87',
26 verbose headers   'keep-alive': 'timeout=10, max=50',
26 verbose headers   connection: 'Keep-Alive' }
27 silly registry.get cb [ 404,
27 silly registry.get   { date: 'Wed, 04 Feb 2015 17:30:36 GMT',
27 silly registry.get     server: 'CouchDB/1.5.0 (Erlang OTP/R16B03)',
27 silly registry.get     'content-type': 'application/json',
27 silly registry.get     'cache-control': 'max-age=0',
27 silly registry.get     'content-length': '52',
27 silly registry.get     'accept-ranges': 'bytes',
27 silly registry.get     via: '1.1 varnish',
27 silly registry.get     age: '0',
27 silly registry.get     'x-served-by': 'cache-jfk1026-JFK',
27 silly registry.get     'x-cache': 'MISS',
27 silly registry.get     'x-cache-hits': '0',
27 silly registry.get     'x-timer': 'S1423071036.092828,VS0,VE87',
27 silly registry.get     'keep-alive': 'timeout=10, max=50',
27 silly registry.get     connection: 'Keep-Alive' } ]
28 silly lockFile 49f71e5c-bcyrptjs bcyrptjs@*
29 silly lockFile 49f71e5c-bcyrptjs bcyrptjs@*
30 error 404 404 Not Found: bcyrptjs
30 error 404
30 error 404 'bcyrptjs' is not in the npm registry.
30 error 404 You should bug the author to publish it
30 error 404 It was specified as a dependency of 'karaokeTrackr'
30 error 404
30 error 404 Note that you can also install from a
30 error 404 tarball, folder, or http url, or git url.
31 error System Darwin 14.0.0
32 error command "node" "/usr/local/bin/npm" "install" "bcyrptjs"
33 error cwd /Applications/MAMP/htdocs/tomoko/karaokeTrackr
34 error node -v v0.10.29
35 error npm -v 1.5.0-alpha-1
36 error code E404
37 verbose exit [ 1, true ]
